[2022-01-21T04:21:16.317143+00:00] skeleton-logger.INFO: 404 callback set. [] []
[2022-01-21T04:21:16.362258+00:00] skeleton-logger.INFO: Route added: GET / [] []
[2022-01-21T04:21:16.362472+00:00] skeleton-logger.INFO: Route added: GET /addcountry [] []
[2022-01-21T04:21:16.362670+00:00] skeleton-logger.INFO: Route added: POST /addcountry [] []
[2022-01-21T04:21:16.362861+00:00] skeleton-logger.INFO: Route added: GET /logout [] []
[2022-01-21T04:21:16.363019+00:00] skeleton-logger.INFO: Route added: GET /product [] []
[2022-01-21T04:21:16.363208+00:00] skeleton-logger.INFO: Route added: POST /product [] []
[2022-01-21T04:21:16.436141+00:00] skeleton-logger.INFO: Route match found: GET /. Callback executed. [] []
[2022-01-21T04:21:21.456516+00:00] skeleton-logger.INFO: 404 callback set. [] []
[2022-01-21T04:21:21.484058+00:00] skeleton-logger.INFO: Route added: GET / [] []
[2022-01-21T04:21:21.484260+00:00] skeleton-logger.INFO: Route added: GET /addcountry [] []
[2022-01-21T04:21:21.484453+00:00] skeleton-logger.INFO: Route added: POST /addcountry [] []
[2022-01-21T04:21:21.484639+00:00] skeleton-logger.INFO: Route added: GET /logout [] []
[2022-01-21T04:21:21.484828+00:00] skeleton-logger.INFO: Route added: GET /product [] []
[2022-01-21T04:21:21.485011+00:00] skeleton-logger.INFO: Route added: POST /product [] []
[2022-01-21T04:21:21.773990+00:00] skeleton-logger.INFO: 404 callback set. [] []
[2022-01-21T04:21:21.803094+00:00] skeleton-logger.INFO: Route added: GET / [] []
[2022-01-21T04:21:21.803365+00:00] skeleton-logger.INFO: Route added: GET /addcountry [] []
[2022-01-21T04:21:21.803593+00:00] skeleton-logger.INFO: Route added: POST /addcountry [] []
[2022-01-21T04:21:21.803807+00:00] skeleton-logger.INFO: Route added: GET /logout [] []
[2022-01-21T04:21:21.804027+00:00] skeleton-logger.INFO: Route added: GET /product [] []
[2022-01-21T04:21:21.804237+00:00] skeleton-logger.INFO: Route added: POST /product [] []
[2022-01-21T04:21:21.867402+00:00] skeleton-logger.INFO: No route match found. 404 callback executed. [] []
[2022-01-21T04:21:26.571129+00:00] skeleton-logger.INFO: 404 callback set. [] []
[2022-01-21T04:21:26.596219+00:00] skeleton-logger.INFO: Route added: GET / [] []
[2022-01-21T04:21:26.596393+00:00] skeleton-logger.INFO: Route added: GET /addcountry [] []
[2022-01-21T04:21:26.596558+00:00] skeleton-logger.INFO: Route added: POST /addcountry [] []
[2022-01-21T04:21:26.596714+00:00] skeleton-logger.INFO: Route added: GET /logout [] []
[2022-01-21T04:21:26.596869+00:00] skeleton-logger.INFO: Route added: GET /product [] []
[2022-01-21T04:21:26.597023+00:00] skeleton-logger.INFO: Route added: POST /product [] []
[2022-01-21T04:21:26.641500+00:00] skeleton-logger.INFO: No route match found. 404 callback executed. [] []
[2022-01-21T04:21:29.957732+00:00] skeleton-logger.INFO: 404 callback set. [] []
[2022-01-21T04:21:29.982460+00:00] skeleton-logger.INFO: Route added: GET / [] []
[2022-01-21T04:21:29.982642+00:00] skeleton-logger.INFO: Route added: GET /addcountry [] []
[2022-01-21T04:21:29.982806+00:00] skeleton-logger.INFO: Route added: POST /addcountry [] []
[2022-01-21T04:21:29.982968+00:00] skeleton-logger.INFO: Route added: GET /logout [] []
[2022-01-21T04:21:29.983163+00:00] skeleton-logger.INFO: Route added: GET /product [] []
[2022-01-21T04:21:29.983357+00:00] skeleton-logger.INFO: Route added: POST /product [] []
[2022-01-21T04:21:30.025729+00:00] skeleton-logger.INFO: No route match found. 404 callback executed. [] []
[2022-01-21T04:21:33.721897+00:00] skeleton-logger.INFO: 404 callback set. [] []
[2022-01-21T04:21:33.749837+00:00] skeleton-logger.INFO: Route added: GET / [] []
[2022-01-21T04:21:33.750029+00:00] skeleton-logger.INFO: Route added: GET /addcountry [] []
[2022-01-21T04:21:33.750220+00:00] skeleton-logger.INFO: Route added: POST /addcountry [] []
[2022-01-21T04:21:33.750407+00:00] skeleton-logger.INFO: Route added: GET /logout [] []
[2022-01-21T04:21:33.750590+00:00] skeleton-logger.INFO: Route added: GET /product [] []
[2022-01-21T04:21:33.750774+00:00] skeleton-logger.INFO: Route added: POST /product [] []
[2022-01-21T04:21:33.843834+00:00] skeleton-logger.INFO: Route match found: GET /addcountry. Callback executed. [] []
[2022-01-21T04:49:20.511815+00:00] skeleton-logger.INFO: 404 callback set. [] []
[2022-01-21T04:49:20.551794+00:00] skeleton-logger.INFO: Route added: GET / [] []
[2022-01-21T04:49:20.552043+00:00] skeleton-logger.INFO: Route added: GET /addcountry [] []
[2022-01-21T04:49:20.552212+00:00] skeleton-logger.INFO: Route added: POST /addcountry [] []
[2022-01-21T04:49:20.552383+00:00] skeleton-logger.INFO: Route added: GET /logout [] []
[2022-01-21T04:49:20.552570+00:00] skeleton-logger.INFO: Route added: GET /product [] []
[2022-01-21T04:49:20.552740+00:00] skeleton-logger.INFO: Route added: POST /product [] []
[2022-01-21T04:49:20.619306+00:00] skeleton-logger.INFO: Route match found: GET /. Callback executed. [] []
[2022-01-21T04:49:22.561106+00:00] skeleton-logger.INFO: 404 callback set. [] []
[2022-01-21T04:49:22.585871+00:00] skeleton-logger.INFO: Route added: GET / [] []
[2022-01-21T04:49:22.586041+00:00] skeleton-logger.INFO: Route added: GET /addcountry [] []
[2022-01-21T04:49:22.586199+00:00] skeleton-logger.INFO: Route added: POST /addcountry [] []
[2022-01-21T04:49:22.586465+00:00] skeleton-logger.INFO: Route added: GET /logout [] []
[2022-01-21T04:49:22.586639+00:00] skeleton-logger.INFO: Route added: GET /product [] []
[2022-01-21T04:49:22.586798+00:00] skeleton-logger.INFO: Route added: POST /product [] []
[2022-01-21T04:49:22.637168+00:00] skeleton-logger.INFO: No route match found. 404 callback executed. [] []
[2022-01-21T04:49:26.804375+00:00] skeleton-logger.INFO: 404 callback set. [] []
[2022-01-21T04:49:26.829115+00:00] skeleton-logger.INFO: Route added: GET / [] []
[2022-01-21T04:49:26.829309+00:00] skeleton-logger.INFO: Route added: GET /addcountry [] []
[2022-01-21T04:49:26.829475+00:00] skeleton-logger.INFO: Route added: POST /addcountry [] []
[2022-01-21T04:49:26.829631+00:00] skeleton-logger.INFO: Route added: GET /logout [] []
[2022-01-21T04:49:26.829788+00:00] skeleton-logger.INFO: Route added: GET /product [] []
[2022-01-21T04:49:26.829944+00:00] skeleton-logger.INFO: Route added: POST /product [] []
[2022-01-21T04:49:27.099473+00:00] skeleton-logger.INFO: 404 callback set. [] []
[2022-01-21T04:49:27.126713+00:00] skeleton-logger.INFO: Route added: GET / [] []
[2022-01-21T04:49:27.126890+00:00] skeleton-logger.INFO: Route added: GET /addcountry [] []
[2022-01-21T04:49:27.127048+00:00] skeleton-logger.INFO: Route added: POST /addcountry [] []
[2022-01-21T04:49:27.127216+00:00] skeleton-logger.INFO: Route added: GET /logout [] []
[2022-01-21T04:49:27.127372+00:00] skeleton-logger.INFO: Route added: GET /product [] []
[2022-01-21T04:49:27.127527+00:00] skeleton-logger.INFO: Route added: POST /product [] []
[2022-01-21T04:49:27.176022+00:00] skeleton-logger.INFO: No route match found. 404 callback executed. [] []
[2022-01-21T04:49:31.221045+00:00] skeleton-logger.INFO: 404 callback set. [] []
[2022-01-21T04:49:31.247280+00:00] skeleton-logger.INFO: Route added: GET / [] []
[2022-01-21T04:49:31.247527+00:00] skeleton-logger.INFO: Route added: GET /addcountry [] []
[2022-01-21T04:49:31.247758+00:00] skeleton-logger.INFO: Route added: POST /addcountry [] []
[2022-01-21T04:49:31.248106+00:00] skeleton-logger.INFO: Route added: GET /logout [] []
[2022-01-21T04:49:31.248326+00:00] skeleton-logger.INFO: Route added: GET /product [] []
[2022-01-21T04:49:31.248536+00:00] skeleton-logger.INFO: Route added: POST /product [] []
[2022-01-21T04:50:07.759303+00:00] skeleton-logger.INFO: 404 callback set. [] []
[2022-01-21T04:50:07.801881+00:00] skeleton-logger.INFO: Route added: GET / [] []
[2022-01-21T04:50:07.802117+00:00] skeleton-logger.INFO: Route added: GET /addcountry [] []
[2022-01-21T04:50:07.802325+00:00] skeleton-logger.INFO: Route added: POST /addcountry [] []
[2022-01-21T04:50:07.802526+00:00] skeleton-logger.INFO: Route added: GET /logout [] []
[2022-01-21T04:50:07.802778+00:00] skeleton-logger.INFO: Route added: GET /product [] []
[2022-01-21T04:50:07.802978+00:00] skeleton-logger.INFO: Route added: POST /product [] []
[2022-01-21T04:50:07.901647+00:00] skeleton-logger.INFO: Route match found: GET /addcountry. Callback executed. [] []
[2022-01-21T04:50:13.853251+00:00] skeleton-logger.INFO: 404 callback set. [] []
[2022-01-21T04:50:13.893333+00:00] skeleton-logger.INFO: Route added: GET / [] []
[2022-01-21T04:50:13.893623+00:00] skeleton-logger.INFO: Route added: GET /addcountry [] []
[2022-01-21T04:50:13.893841+00:00] skeleton-logger.INFO: Route added: POST /addcountry [] []
[2022-01-21T04:50:13.894181+00:00] skeleton-logger.INFO: Route added: GET /logout [] []
[2022-01-21T04:50:13.894455+00:00] skeleton-logger.INFO: Route added: GET /product [] []
[2022-01-21T04:50:13.894678+00:00] skeleton-logger.INFO: Route added: POST /product [] []
[2022-01-21T04:50:13.959398+00:00] skeleton-logger.INFO: No route match found. 404 callback executed. [] []
[2022-01-21T04:50:16.227177+00:00] skeleton-logger.INFO: 404 callback set. [] []
[2022-01-21T04:50:16.251976+00:00] skeleton-logger.INFO: Route added: GET / [] []
[2022-01-21T04:50:16.252150+00:00] skeleton-logger.INFO: Route added: GET /addcountry [] []
[2022-01-21T04:50:16.252310+00:00] skeleton-logger.INFO: Route added: POST /addcountry [] []
[2022-01-21T04:50:16.252466+00:00] skeleton-logger.INFO: Route added: GET /logout [] []
[2022-01-21T04:50:16.252665+00:00] skeleton-logger.INFO: Route added: GET /product [] []
[2022-01-21T04:50:16.252843+00:00] skeleton-logger.INFO: Route added: POST /product [] []
[2022-01-21T04:50:16.296009+00:00] skeleton-logger.INFO: No route match found. 404 callback executed. [] []
[2022-01-21T04:50:19.571004+00:00] skeleton-logger.INFO: 404 callback set. [] []
[2022-01-21T04:50:19.598272+00:00] skeleton-logger.INFO: Route added: GET / [] []
[2022-01-21T04:50:19.598453+00:00] skeleton-logger.INFO: Route added: GET /addcountry [] []
[2022-01-21T04:50:19.598616+00:00] skeleton-logger.INFO: Route added: POST /addcountry [] []
[2022-01-21T04:50:19.598773+00:00] skeleton-logger.INFO: Route added: GET /logout [] []
[2022-01-21T04:50:19.598930+00:00] skeleton-logger.INFO: Route added: GET /product [] []
[2022-01-21T04:50:19.599085+00:00] skeleton-logger.INFO: Route added: POST /product [] []
[2022-01-21T04:50:19.885022+00:00] skeleton-logger.INFO: 404 callback set. [] []
[2022-01-21T04:50:19.911148+00:00] skeleton-logger.INFO: Route added: GET / [] []
[2022-01-21T04:50:19.911361+00:00] skeleton-logger.INFO: Route added: GET /addcountry [] []
[2022-01-21T04:50:19.911549+00:00] skeleton-logger.INFO: Route added: POST /addcountry [] []
[2022-01-21T04:50:19.911712+00:00] skeleton-logger.INFO: Route added: GET /logout [] []
[2022-01-21T04:50:19.911882+00:00] skeleton-logger.INFO: Route added: GET /product [] []
[2022-01-21T04:50:19.912058+00:00] skeleton-logger.INFO: Route added: POST /product [] []
[2022-01-21T04:50:19.957962+00:00] skeleton-logger.INFO: No route match found. 404 callback executed. [] []
[2022-01-21T04:50:23.400508+00:00] skeleton-logger.INFO: 404 callback set. [] []
[2022-01-21T04:50:23.427878+00:00] skeleton-logger.INFO: Route added: GET / [] []
[2022-01-21T04:50:23.428066+00:00] skeleton-logger.INFO: Route added: GET /addcountry [] []
[2022-01-21T04:50:23.428226+00:00] skeleton-logger.INFO: Route added: POST /addcountry [] []
[2022-01-21T04:50:23.428380+00:00] skeleton-logger.INFO: Route added: GET /logout [] []
[2022-01-21T04:50:23.428534+00:00] skeleton-logger.INFO: Route added: GET /product [] []
[2022-01-21T04:50:23.428685+00:00] skeleton-logger.INFO: Route added: POST /product [] []
[2022-01-21T04:50:23.472083+00:00] skeleton-logger.INFO: No route match found. 404 callback executed. [] []
[2022-01-21T04:50:33.101154+00:00] skeleton-logger.INFO: 404 callback set. [] []
[2022-01-21T04:50:33.141501+00:00] skeleton-logger.INFO: Route added: GET / [] []
[2022-01-21T04:50:33.141677+00:00] skeleton-logger.INFO: Route added: GET /addcountry [] []
[2022-01-21T04:50:33.141840+00:00] skeleton-logger.INFO: Route added: POST /addcountry [] []
[2022-01-21T04:50:33.142003+00:00] skeleton-logger.INFO: Route added: GET /logout [] []
[2022-01-21T04:50:33.142217+00:00] skeleton-logger.INFO: Route added: GET /product [] []
[2022-01-21T04:50:33.142384+00:00] skeleton-logger.INFO: Route added: POST /product [] []
[2022-01-21T04:50:33.410006+00:00] skeleton-logger.INFO: 404 callback set. [] []
[2022-01-21T04:50:33.434255+00:00] skeleton-logger.INFO: Route added: GET / [] []
[2022-01-21T04:50:33.434427+00:00] skeleton-logger.INFO: Route added: GET /addcountry [] []
[2022-01-21T04:50:33.434582+00:00] skeleton-logger.INFO: Route added: POST /addcountry [] []
[2022-01-21T04:50:33.434739+00:00] skeleton-logger.INFO: Route added: GET /logout [] []
[2022-01-21T04:50:33.434913+00:00] skeleton-logger.INFO: Route added: GET /product [] []
[2022-01-21T04:50:33.435113+00:00] skeleton-logger.INFO: Route added: POST /product [] []
[2022-01-21T04:50:33.502945+00:00] skeleton-logger.INFO: No route match found. 404 callback executed. [] []
[2022-01-21T04:53:52.769807+00:00] skeleton-logger.INFO: 404 callback set. [] []
[2022-01-21T04:53:52.813393+00:00] skeleton-logger.INFO: Route added: GET / [] []
[2022-01-21T04:53:52.813571+00:00] skeleton-logger.INFO: Route added: GET /addcountry [] []
[2022-01-21T04:53:52.813733+00:00] skeleton-logger.INFO: Route added: POST /addcountry [] []
[2022-01-21T04:53:52.813896+00:00] skeleton-logger.INFO: Route added: GET /login [] []
[2022-01-21T04:53:52.814055+00:00] skeleton-logger.INFO: Route added: GET /logout [] []
[2022-01-21T04:53:52.814253+00:00] skeleton-logger.INFO: Route added: GET /product [] []
[2022-01-21T04:53:52.814434+00:00] skeleton-logger.INFO: Route added: POST /product [] []
[2022-01-21T04:53:53.089934+00:00] skeleton-logger.INFO: 404 callback set. [] []
[2022-01-21T04:53:53.115287+00:00] skeleton-logger.INFO: Route added: GET / [] []
[2022-01-21T04:53:53.115520+00:00] skeleton-logger.INFO: Route added: GET /addcountry [] []
[2022-01-21T04:53:53.115699+00:00] skeleton-logger.INFO: Route added: POST /addcountry [] []
[2022-01-21T04:53:53.115866+00:00] skeleton-logger.INFO: Route added: GET /login [] []
[2022-01-21T04:53:53.116024+00:00] skeleton-logger.INFO: Route added: GET /logout [] []
[2022-01-21T04:53:53.116178+00:00] skeleton-logger.INFO: Route added: GET /product [] []
[2022-01-21T04:53:53.116334+00:00] skeleton-logger.INFO: Route added: POST /product [] []
[2022-01-21T04:53:53.760938+00:00] skeleton-logger.INFO: Route match found: GET /login. Callback executed. [] []
[2022-01-21T04:54:06.133708+00:00] skeleton-logger.INFO: 404 callback set. [] []
[2022-01-21T04:54:06.173922+00:00] skeleton-logger.INFO: Route added: GET / [] []
[2022-01-21T04:54:06.174099+00:00] skeleton-logger.INFO: Route added: GET /addcountry [] []
[2022-01-21T04:54:06.174262+00:00] skeleton-logger.INFO: Route added: POST /addcountry [] []
[2022-01-21T04:54:06.174443+00:00] skeleton-logger.INFO: Route added: GET /login [] []
[2022-01-21T04:54:06.174640+00:00] skeleton-logger.INFO: Route added: GET /logout [] []
[2022-01-21T04:54:06.174817+00:00] skeleton-logger.INFO: Route added: GET /product [] []
[2022-01-21T04:54:06.174981+00:00] skeleton-logger.INFO: Route added: POST /product [] []
[2022-01-21T04:54:06.240518+00:00] skeleton-logger.INFO: No route match found. 404 callback executed. [] []
[2022-01-21T10:30:21.916005+00:00] skeleton-logger.INFO: 404 callback set. [] []
[2022-01-21T10:30:21.962645+00:00] skeleton-logger.INFO: Route added: GET / [] []
[2022-01-21T10:30:21.962870+00:00] skeleton-logger.INFO: Route added: GET /addcountry [] []
[2022-01-21T10:30:21.963076+00:00] skeleton-logger.INFO: Route added: POST /addcountry [] []
[2022-01-21T10:30:21.963276+00:00] skeleton-logger.INFO: Route added: GET /login [] []
[2022-01-21T10:30:21.963487+00:00] skeleton-logger.INFO: Route added: GET /logout [] []
[2022-01-21T10:30:21.963689+00:00] skeleton-logger.INFO: Route added: GET /product [] []
[2022-01-21T10:30:21.963889+00:00] skeleton-logger.INFO: Route added: POST /product [] []
[2022-01-21T10:30:22.039673+00:00] skeleton-logger.INFO: Route match found: GET /. Callback executed. [] []
[2022-01-21T10:30:24.867450+00:00] skeleton-logger.INFO: 404 callback set. [] []
[2022-01-21T10:30:24.894817+00:00] skeleton-logger.INFO: Route added: GET / [] []
[2022-01-21T10:30:24.895011+00:00] skeleton-logger.INFO: Route added: GET /addcountry [] []
[2022-01-21T10:30:24.895173+00:00] skeleton-logger.INFO: Route added: POST /addcountry [] []
[2022-01-21T10:30:24.895344+00:00] skeleton-logger.INFO: Route added: GET /login [] []
[2022-01-21T10:30:24.895513+00:00] skeleton-logger.INFO: Route added: GET /logout [] []
[2022-01-21T10:30:24.895666+00:00] skeleton-logger.INFO: Route added: GET /product [] []
[2022-01-21T10:30:24.895819+00:00] skeleton-logger.INFO: Route added: POST /product [] []
[2022-01-21T10:30:24.953389+00:00] skeleton-logger.INFO: No route match found. 404 callback executed. [] []
[2022-01-21T10:30:27.456654+00:00] skeleton-logger.INFO: 404 callback set. [] []
[2022-01-21T10:30:27.487016+00:00] skeleton-logger.INFO: Route added: GET / [] []
[2022-01-21T10:30:27.487189+00:00] skeleton-logger.INFO: Route added: GET /addcountry [] []
[2022-01-21T10:30:27.487352+00:00] skeleton-logger.INFO: Route added: POST /addcountry [] []
[2022-01-21T10:30:27.487510+00:00] skeleton-logger.INFO: Route added: GET /login [] []
[2022-01-21T10:30:27.487666+00:00] skeleton-logger.INFO: Route added: GET /logout [] []
[2022-01-21T10:30:27.487822+00:00] skeleton-logger.INFO: Route added: GET /product [] []
[2022-01-21T10:30:27.487997+00:00] skeleton-logger.INFO: Route added: POST /product [] []
[2022-01-21T10:30:27.555337+00:00] skeleton-logger.INFO: Route match found: GET /login. Callback executed. [] []
[2022-01-21T10:33:05.264002+00:00] skeleton-logger.INFO: 404 callback set. [] []
[2022-01-21T10:33:05.313007+00:00] skeleton-logger.INFO: Route added: GET / [] []
[2022-01-21T10:33:05.313180+00:00] skeleton-logger.INFO: Route added: GET /addcountry [] []
[2022-01-21T10:33:05.313353+00:00] skeleton-logger.INFO: Route added: POST /addcountry [] []
[2022-01-21T10:33:05.313506+00:00] skeleton-logger.INFO: Route added: GET /login [] []
[2022-01-21T10:33:05.313662+00:00] skeleton-logger.INFO: Route added: GET /logout [] []
[2022-01-21T10:33:05.313809+00:00] skeleton-logger.INFO: Route added: GET /product [] []
[2022-01-21T10:33:05.313961+00:00] skeleton-logger.INFO: Route added: POST /product [] []
[2022-01-21T10:33:05.383874+00:00] skeleton-logger.INFO: Route match found: GET /. Callback executed. [] []
[2022-01-22T04:13:12.101713+00:00] skeleton-logger.INFO: 404 callback set. [] []
[2022-01-22T04:13:12.145146+00:00] skeleton-logger.INFO: Route added: GET / [] []
[2022-01-22T04:13:12.145316+00:00] skeleton-logger.INFO: Route added: GET /addcountry [] []
[2022-01-22T04:13:12.145476+00:00] skeleton-logger.INFO: Route added: POST /addcountry [] []
[2022-01-22T04:13:12.145630+00:00] skeleton-logger.INFO: Route added: GET /login [] []
[2022-01-22T04:13:12.145783+00:00] skeleton-logger.INFO: Route added: GET /logout [] []
[2022-01-22T04:13:12.145936+00:00] skeleton-logger.INFO: Route added: GET /product [] []
[2022-01-22T04:13:12.146088+00:00] skeleton-logger.INFO: Route added: POST /product [] []
[2022-01-22T04:13:12.212666+00:00] skeleton-logger.INFO: Route match found: GET /. Callback executed. [] []
[2022-01-22T04:13:19.588428+00:00] skeleton-logger.INFO: 404 callback set. [] []
[2022-01-22T04:13:19.631799+00:00] skeleton-logger.INFO: Route added: GET / [] []
[2022-01-22T04:13:19.632014+00:00] skeleton-logger.INFO: Route added: GET /addcountry [] []
[2022-01-22T04:13:19.632194+00:00] skeleton-logger.INFO: Route added: POST /addcountry [] []
[2022-01-22T04:13:19.632386+00:00] skeleton-logger.INFO: Route added: GET /login [] []
[2022-01-22T04:13:19.632551+00:00] skeleton-logger.INFO: Route added: GET /logout [] []
[2022-01-22T04:13:19.632709+00:00] skeleton-logger.INFO: Route added: GET /product [] []
[2022-01-22T04:13:19.632866+00:00] skeleton-logger.INFO: Route added: POST /product [] []
[2022-01-22T04:13:19.920413+00:00] skeleton-logger.INFO: 404 callback set. [] []
[2022-01-22T04:13:19.947660+00:00] skeleton-logger.INFO: Route added: GET / [] []
[2022-01-22T04:13:19.947898+00:00] skeleton-logger.INFO: Route added: GET /addcountry [] []
[2022-01-22T04:13:19.948176+00:00] skeleton-logger.INFO: Route added: POST /addcountry [] []
[2022-01-22T04:13:19.948543+00:00] skeleton-logger.INFO: Route added: GET /login [] []
[2022-01-22T04:13:19.948814+00:00] skeleton-logger.INFO: Route added: GET /logout [] []
[2022-01-22T04:13:19.949082+00:00] skeleton-logger.INFO: Route added: GET /product [] []
[2022-01-22T04:13:19.949290+00:00] skeleton-logger.INFO: Route added: POST /product [] []
[2022-01-22T04:13:20.032869+00:00] skeleton-logger.INFO: Route match found: GET /login. Callback executed. [] []
[2022-01-22T04:13:31.735014+00:00] skeleton-logger.INFO: 404 callback set. [] []
[2022-01-22T04:13:31.777809+00:00] skeleton-logger.INFO: Route added: GET / [] []
[2022-01-22T04:13:31.777986+00:00] skeleton-logger.INFO: Route added: GET /addcountry [] []
[2022-01-22T04:13:31.778144+00:00] skeleton-logger.INFO: Route added: POST /addcountry [] []
[2022-01-22T04:13:31.778318+00:00] skeleton-logger.INFO: Route added: GET /login [] []
[2022-01-22T04:13:31.778473+00:00] skeleton-logger.INFO: Route added: GET /logout [] []
[2022-01-22T04:13:31.778638+00:00] skeleton-logger.INFO: Route added: GET /product [] []
[2022-01-22T04:13:31.778866+00:00] skeleton-logger.INFO: Route added: POST /product [] []
[2022-01-22T04:13:31.848284+00:00] skeleton-logger.INFO: No route match found. 404 callback executed. [] []
[2022-01-22T04:13:36.875534+00:00] skeleton-logger.INFO: 404 callback set. [] []
[2022-01-22T04:13:36.902783+00:00] skeleton-logger.INFO: Route added: GET / [] []
[2022-01-22T04:13:36.902980+00:00] skeleton-logger.INFO: Route added: GET /addcountry [] []
[2022-01-22T04:13:36.903145+00:00] skeleton-logger.INFO: Route added: POST /addcountry [] []
[2022-01-22T04:13:36.903304+00:00] skeleton-logger.INFO: Route added: GET /login [] []
[2022-01-22T04:13:36.903463+00:00] skeleton-logger.INFO: Route added: GET /logout [] []
[2022-01-22T04:13:36.903684+00:00] skeleton-logger.INFO: Route added: GET /product [] []
[2022-01-22T04:13:36.903925+00:00] skeleton-logger.INFO: Route added: POST /product [] []
[2022-01-22T04:13:36.946652+00:00] skeleton-logger.INFO: No route match found. 404 callback executed. [] []
[2022-01-22T04:13:40.797301+00:00] skeleton-logger.INFO: 404 callback set. [] []
[2022-01-22T04:13:40.824073+00:00] skeleton-logger.INFO: Route added: GET / [] []
[2022-01-22T04:13:40.824240+00:00] skeleton-logger.INFO: Route added: GET /addcountry [] []
[2022-01-22T04:13:40.824394+00:00] skeleton-logger.INFO: Route added: POST /addcountry [] []
[2022-01-22T04:13:40.824544+00:00] skeleton-logger.INFO: Route added: GET /login [] []
[2022-01-22T04:13:40.824694+00:00] skeleton-logger.INFO: Route added: GET /logout [] []
[2022-01-22T04:13:40.824844+00:00] skeleton-logger.INFO: Route added: GET /product [] []
[2022-01-22T04:13:40.824993+00:00] skeleton-logger.INFO: Route added: POST /product [] []
[2022-01-22T04:15:10.801488+00:00] skeleton-logger.INFO: 404 callback set. [] []
[2022-01-22T04:15:10.845812+00:00] skeleton-logger.INFO: Route added: GET / [] []
[2022-01-22T04:15:10.846026+00:00] skeleton-logger.INFO: Route added: GET /addcountry [] []
[2022-01-22T04:15:10.846205+00:00] skeleton-logger.INFO: Route added: POST /addcountry [] []
[2022-01-22T04:15:10.846394+00:00] skeleton-logger.INFO: Route added: GET /login [] []
[2022-01-22T04:15:10.846562+00:00] skeleton-logger.INFO: Route added: GET /logout [] []
[2022-01-22T04:15:10.846734+00:00] skeleton-logger.INFO: Route added: GET /product [] []
[2022-01-22T04:15:10.846898+00:00] skeleton-logger.INFO: Route added: POST /product [] []
[2022-01-22T04:15:10.944238+00:00] skeleton-logger.INFO: Route match found: GET /addcountry. Callback executed. [] []
[2022-01-22T04:15:32.153507+00:00] skeleton-logger.INFO: 404 callback set. [] []
[2022-01-22T04:15:32.197577+00:00] skeleton-logger.INFO: Route added: GET / [] []
[2022-01-22T04:15:32.197826+00:00] skeleton-logger.INFO: Route added: GET /addcountry [] []
[2022-01-22T04:15:32.198037+00:00] skeleton-logger.INFO: Route added: POST /addcountry [] []
[2022-01-22T04:15:32.198281+00:00] skeleton-logger.INFO: Route added: GET /login [] []
[2022-01-22T04:15:32.198453+00:00] skeleton-logger.INFO: Route added: GET /logout [] []
[2022-01-22T04:15:32.198759+00:00] skeleton-logger.INFO: Route added: GET /product [] []
[2022-01-22T04:15:32.199052+00:00] skeleton-logger.INFO: Route added: POST /product [] []
[2022-01-22T04:15:32.308556+00:00] skeleton-logger.INFO: Route match found: POST /addcountry. Callback executed. [] []
[2022-01-22T07:11:35.576253+00:00] skeleton-logger.INFO: 404 callback set. [] []
[2022-01-22T07:11:35.623286+00:00] skeleton-logger.INFO: Route added: GET / [] []
[2022-01-22T07:11:35.623459+00:00] skeleton-logger.INFO: Route added: GET /addcountry [] []
[2022-01-22T07:11:35.623622+00:00] skeleton-logger.INFO: Route added: POST /addcountry [] []
[2022-01-22T07:11:35.623779+00:00] skeleton-logger.INFO: Route added: GET /login [] []
[2022-01-22T07:11:35.623959+00:00] skeleton-logger.INFO: Route added: GET /logout [] []
[2022-01-22T07:11:35.624121+00:00] skeleton-logger.INFO: Route added: GET /product [] []
[2022-01-22T07:11:35.624275+00:00] skeleton-logger.INFO: Route added: POST /product [] []
[2022-01-22T07:11:35.705372+00:00] skeleton-logger.INFO: Route match found: GET /. Callback executed. [] []
[2022-01-22T07:11:39.446428+00:00] skeleton-logger.INFO: 404 callback set. [] []
[2022-01-22T07:11:39.471640+00:00] skeleton-logger.INFO: Route added: GET / [] []
[2022-01-22T07:11:39.471904+00:00] skeleton-logger.INFO: Route added: GET /addcountry [] []
[2022-01-22T07:11:39.472124+00:00] skeleton-logger.INFO: Route added: POST /addcountry [] []
[2022-01-22T07:11:39.472297+00:00] skeleton-logger.INFO: Route added: GET /login [] []
[2022-01-22T07:11:39.472455+00:00] skeleton-logger.INFO: Route added: GET /logout [] []
[2022-01-22T07:11:39.472612+00:00] skeleton-logger.INFO: Route added: GET /product [] []
[2022-01-22T07:11:39.472784+00:00] skeleton-logger.INFO: Route added: POST /product [] []
[2022-01-22T07:11:39.527674+00:00] skeleton-logger.INFO: No route match found. 404 callback executed. [] []
[2022-01-22T07:11:44.371595+00:00] skeleton-logger.INFO: 404 callback set. [] []
[2022-01-22T07:11:44.396816+00:00] skeleton-logger.INFO: Route added: GET / [] []
[2022-01-22T07:11:44.396985+00:00] skeleton-logger.INFO: Route added: GET /addcountry [] []
[2022-01-22T07:11:44.397144+00:00] skeleton-logger.INFO: Route added: POST /addcountry [] []
[2022-01-22T07:11:44.397299+00:00] skeleton-logger.INFO: Route added: GET /login [] []
[2022-01-22T07:11:44.397454+00:00] skeleton-logger.INFO: Route added: GET /logout [] []
[2022-01-22T07:11:44.397604+00:00] skeleton-logger.INFO: Route added: GET /product [] []
[2022-01-22T07:11:44.397757+00:00] skeleton-logger.INFO: Route added: POST /product [] []
[2022-01-22T07:11:44.691232+00:00] skeleton-logger.INFO: 404 callback set. [] []
[2022-01-22T07:11:44.717667+00:00] skeleton-logger.INFO: Route added: GET / [] []
[2022-01-22T07:11:44.717914+00:00] skeleton-logger.INFO: Route added: GET /addcountry [] []
[2022-01-22T07:11:44.718149+00:00] skeleton-logger.INFO: Route added: POST /addcountry [] []
[2022-01-22T07:11:44.718433+00:00] skeleton-logger.INFO: Route added: GET /login [] []
[2022-01-22T07:11:44.718664+00:00] skeleton-logger.INFO: Route added: GET /logout [] []
[2022-01-22T07:11:44.718860+00:00] skeleton-logger.INFO: Route added: GET /product [] []
[2022-01-22T07:11:44.719063+00:00] skeleton-logger.INFO: Route added: POST /product [] []
[2022-01-22T07:11:44.785999+00:00] skeleton-logger.INFO: Route match found: GET /login. Callback executed. [] []
[2022-01-22T07:11:55.602496+00:00] skeleton-logger.INFO: 404 callback set. [] []
[2022-01-22T07:11:55.648085+00:00] skeleton-logger.INFO: Route added: GET / [] []
[2022-01-22T07:11:55.648276+00:00] skeleton-logger.INFO: Route added: GET /addcountry [] []
[2022-01-22T07:11:55.648449+00:00] skeleton-logger.INFO: Route added: POST /addcountry [] []
[2022-01-22T07:11:55.648619+00:00] skeleton-logger.INFO: Route added: GET /login [] []
[2022-01-22T07:11:55.648784+00:00] skeleton-logger.INFO: Route added: GET /logout [] []
[2022-01-22T07:11:55.648976+00:00] skeleton-logger.INFO: Route added: GET /product [] []
[2022-01-22T07:11:55.649168+00:00] skeleton-logger.INFO: Route added: POST /product [] []
[2022-01-22T07:11:55.718654+00:00] skeleton-logger.INFO: No route match found. 404 callback executed. [] []
[2022-01-22T07:13:31.745371+00:00] skeleton-logger.INFO: 404 callback set. [] []
[2022-01-22T07:13:31.787853+00:00] skeleton-logger.INFO: Route added: GET / [] []
[2022-01-22T07:13:31.788069+00:00] skeleton-logger.INFO: Route added: GET /addcountry [] []
[2022-01-22T07:13:31.788297+00:00] skeleton-logger.INFO: Route added: POST /addcountry [] []
[2022-01-22T07:13:31.788491+00:00] skeleton-logger.INFO: Route added: GET /login [] []
[2022-01-22T07:13:31.788654+00:00] skeleton-logger.INFO: Route added: GET /logout [] []
[2022-01-22T07:13:31.788813+00:00] skeleton-logger.INFO: Route added: GET /product [] []
[2022-01-22T07:13:31.788979+00:00] skeleton-logger.INFO: Route added: POST /product [] []
[2022-01-22T07:13:31.861968+00:00] skeleton-logger.INFO: Route match found: GET /. Callback executed. [] []
[2022-01-22T07:13:43.691431+00:00] skeleton-logger.INFO: 404 callback set. [] []
[2022-01-22T07:13:43.732753+00:00] skeleton-logger.INFO: Route added: GET / [] []
[2022-01-22T07:13:43.732942+00:00] skeleton-logger.INFO: Route added: GET /addcountry [] []
[2022-01-22T07:13:43.733105+00:00] skeleton-logger.INFO: Route added: POST /addcountry [] []
[2022-01-22T07:13:43.733262+00:00] skeleton-logger.INFO: Route added: GET /login [] []
[2022-01-22T07:13:43.733421+00:00] skeleton-logger.INFO: Route added: GET /logout [] []
[2022-01-22T07:13:43.733574+00:00] skeleton-logger.INFO: Route added: GET /product [] []
[2022-01-22T07:13:43.733726+00:00] skeleton-logger.INFO: Route added: POST /product [] []
[2022-01-22T07:13:43.800373+00:00] skeleton-logger.INFO: No route match found. 404 callback executed. [] []
[2022-01-22T07:14:29.564654+00:00] skeleton-logger.INFO: 404 callback set. [] []
[2022-01-22T07:14:29.607015+00:00] skeleton-logger.INFO: Route added: GET / [] []
[2022-01-22T07:14:29.607239+00:00] skeleton-logger.INFO: Route added: GET /addcountry [] []
[2022-01-22T07:14:29.607433+00:00] skeleton-logger.INFO: Route added: POST /addcountry [] []
[2022-01-22T07:14:29.607634+00:00] skeleton-logger.INFO: Route added: GET /login [] []
[2022-01-22T07:14:29.607832+00:00] skeleton-logger.INFO: Route added: GET /logout [] []
[2022-01-22T07:14:29.608038+00:00] skeleton-logger.INFO: Route added: GET /product [] []
[2022-01-22T07:14:29.608222+00:00] skeleton-logger.INFO: Route added: POST /product [] []
[2022-01-22T07:14:29.677883+00:00] skeleton-logger.INFO: Route match found: GET /. Callback executed. [] []
[2022-01-22T07:14:38.671419+00:00] skeleton-logger.INFO: 404 callback set. [] []
[2022-01-22T07:14:38.713777+00:00] skeleton-logger.INFO: Route added: GET / [] []
[2022-01-22T07:14:38.714032+00:00] skeleton-logger.INFO: Route added: GET /addcountry [] []
[2022-01-22T07:14:38.714210+00:00] skeleton-logger.INFO: Route added: POST /addcountry [] []
[2022-01-22T07:14:38.714413+00:00] skeleton-logger.INFO: Route added: GET /login [] []
[2022-01-22T07:14:38.714589+00:00] skeleton-logger.INFO: Route added: GET /logout [] []
[2022-01-22T07:14:38.714789+00:00] skeleton-logger.INFO: Route added: GET /product [] []
[2022-01-22T07:14:38.714955+00:00] skeleton-logger.INFO: Route added: POST /product [] []
[2022-01-22T07:14:38.785253+00:00] skeleton-logger.INFO: No route match found. 404 callback executed. [] []
[2022-01-22T07:14:40.384663+00:00] skeleton-logger.INFO: 404 callback set. [] []
[2022-01-22T07:14:40.411575+00:00] skeleton-logger.INFO: Route added: GET / [] []
[2022-01-22T07:14:40.411784+00:00] skeleton-logger.INFO: Route added: GET /addcountry [] []
[2022-01-22T07:14:40.411974+00:00] skeleton-logger.INFO: Route added: POST /addcountry [] []
[2022-01-22T07:14:40.412174+00:00] skeleton-logger.INFO: Route added: GET /login [] []
[2022-01-22T07:14:40.412333+00:00] skeleton-logger.INFO: Route added: GET /logout [] []
[2022-01-22T07:14:40.412556+00:00] skeleton-logger.INFO: Route added: GET /product [] []
[2022-01-22T07:14:40.412727+00:00] skeleton-logger.INFO: Route added: POST /product [] []
[2022-01-22T07:14:40.477625+00:00] skeleton-logger.INFO: Route match found: GET /login. Callback executed. [] []
[2022-01-22T07:14:45.953038+00:00] skeleton-logger.INFO: 404 callback set. [] []
[2022-01-22T07:14:45.979505+00:00] skeleton-logger.INFO: Route added: GET / [] []
[2022-01-22T07:14:45.979747+00:00] skeleton-logger.INFO: Route added: GET /addcountry [] []
[2022-01-22T07:14:45.980042+00:00] skeleton-logger.INFO: Route added: POST /addcountry [] []
[2022-01-22T07:14:45.980231+00:00] skeleton-logger.INFO: Route added: GET /login [] []
[2022-01-22T07:14:45.980457+00:00] skeleton-logger.INFO: Route added: GET /logout [] []
[2022-01-22T07:14:45.980666+00:00] skeleton-logger.INFO: Route added: GET /product [] []
[2022-01-22T07:14:45.980876+00:00] skeleton-logger.INFO: Route added: POST /product [] []
[2022-01-22T07:14:46.033263+00:00] skeleton-logger.INFO: No route match found. 404 callback executed. [] []
[2022-01-23T04:55:30.911646+00:00] skeleton-logger.INFO: 404 callback set. [] []
[2022-01-23T04:55:30.953186+00:00] skeleton-logger.INFO: Route added: GET / [] []
[2022-01-23T04:55:30.953370+00:00] skeleton-logger.INFO: Route added: GET /addcountry [] []
[2022-01-23T04:55:30.953578+00:00] skeleton-logger.INFO: Route added: POST /addcountry [] []
[2022-01-23T04:55:30.953777+00:00] skeleton-logger.INFO: Route added: GET /login [] []
[2022-01-23T04:55:30.953972+00:00] skeleton-logger.INFO: Route added: GET /logout [] []
[2022-01-23T04:55:30.954166+00:00] skeleton-logger.INFO: Route added: GET /product [] []
[2022-01-23T04:55:30.954354+00:00] skeleton-logger.INFO: Route added: POST /product [] []
[2022-01-23T04:55:31.023372+00:00] skeleton-logger.INFO: Route match found: GET /. Callback executed. [] []
[2022-01-24T06:05:44.592246+00:00] skeleton-logger.INFO: 404 callback set. [] []
[2022-01-24T06:05:44.634738+00:00] skeleton-logger.INFO: Route added: GET / [] []
[2022-01-24T06:05:44.634990+00:00] skeleton-logger.INFO: Route added: GET /addcountry [] []
[2022-01-24T06:05:44.635207+00:00] skeleton-logger.INFO: Route added: POST /addcountry [] []
[2022-01-24T06:05:44.635398+00:00] skeleton-logger.INFO: Route added: GET /login [] []
[2022-01-24T06:05:44.635566+00:00] skeleton-logger.INFO: Route added: GET /logout [] []
[2022-01-24T06:05:44.635726+00:00] skeleton-logger.INFO: Route added: GET /product [] []
[2022-01-24T06:05:44.635910+00:00] skeleton-logger.INFO: Route added: POST /product [] []
[2022-01-24T06:05:44.710979+00:00] skeleton-logger.INFO: Route match found: GET /. Callback executed. [] []
[2022-01-24T06:05:49.684722+00:00] skeleton-logger.INFO: 404 callback set. [] []
[2022-01-24T06:05:49.711566+00:00] skeleton-logger.INFO: Route added: GET / [] []
[2022-01-24T06:05:49.711823+00:00] skeleton-logger.INFO: Route added: GET /addcountry [] []
[2022-01-24T06:05:49.712083+00:00] skeleton-logger.INFO: Route added: POST /addcountry [] []
[2022-01-24T06:05:49.712337+00:00] skeleton-logger.INFO: Route added: GET /login [] []
[2022-01-24T06:05:49.712527+00:00] skeleton-logger.INFO: Route added: GET /logout [] []
[2022-01-24T06:05:49.712735+00:00] skeleton-logger.INFO: Route added: GET /product [] []
[2022-01-24T06:05:49.712937+00:00] skeleton-logger.INFO: Route added: POST /product [] []
[2022-01-24T06:05:49.767678+00:00] skeleton-logger.INFO: No route match found. 404 callback executed. [] []
[2022-01-24T06:05:51.753097+00:00] skeleton-logger.INFO: 404 callback set. [] []
[2022-01-24T06:05:51.778015+00:00] skeleton-logger.INFO: Route added: GET / [] []
[2022-01-24T06:05:51.778201+00:00] skeleton-logger.INFO: Route added: GET /addcountry [] []
[2022-01-24T06:05:51.778378+00:00] skeleton-logger.INFO: Route added: POST /addcountry [] []
[2022-01-24T06:05:51.778532+00:00] skeleton-logger.INFO: Route added: GET /login [] []
[2022-01-24T06:05:51.778693+00:00] skeleton-logger.INFO: Route added: GET /logout [] []
[2022-01-24T06:05:51.778860+00:00] skeleton-logger.INFO: Route added: GET /product [] []
[2022-01-24T06:05:51.779062+00:00] skeleton-logger.INFO: Route added: POST /product [] []
[2022-01-24T06:05:51.843037+00:00] skeleton-logger.INFO: Route match found: GET /login. Callback executed. [] []
[2022-01-24T06:06:01.567916+00:00] skeleton-logger.INFO: 404 callback set. [] []
[2022-01-24T06:06:01.608210+00:00] skeleton-logger.INFO: Route added: GET / [] []
[2022-01-24T06:06:01.608390+00:00] skeleton-logger.INFO: Route added: GET /addcountry [] []
[2022-01-24T06:06:01.608549+00:00] skeleton-logger.INFO: Route added: POST /addcountry [] []
[2022-01-24T06:06:01.608703+00:00] skeleton-logger.INFO: Route added: GET /login [] []
[2022-01-24T06:06:01.608856+00:00] skeleton-logger.INFO: Route added: GET /logout [] []
[2022-01-24T06:06:01.609009+00:00] skeleton-logger.INFO: Route added: GET /product [] []
[2022-01-24T06:06:01.609162+00:00] skeleton-logger.INFO: Route added: POST /product [] []
[2022-01-24T06:06:01.676483+00:00] skeleton-logger.INFO: No route match found. 404 callback executed. [] []
[2022-01-24T06:06:05.774447+00:00] skeleton-logger.INFO: 404 callback set. [] []
[2022-01-24T06:06:05.803292+00:00] skeleton-logger.INFO: Route added: GET / [] []
[2022-01-24T06:06:05.803486+00:00] skeleton-logger.INFO: Route added: GET /addcountry [] []
[2022-01-24T06:06:05.803666+00:00] skeleton-logger.INFO: Route added: POST /addcountry [] []
[2022-01-24T06:06:05.803861+00:00] skeleton-logger.INFO: Route added: GET /login [] []
[2022-01-24T06:06:05.804034+00:00] skeleton-logger.INFO: Route added: GET /logout [] []
[2022-01-24T06:06:05.804250+00:00] skeleton-logger.INFO: Route added: GET /product [] []
[2022-01-24T06:06:05.804445+00:00] skeleton-logger.INFO: Route added: POST /product [] []
[2022-01-24T06:06:05.850669+00:00] skeleton-logger.INFO: No route match found. 404 callback executed. [] []
[2022-01-24T06:06:09.707573+00:00] skeleton-logger.INFO: 404 callback set. [] []
[2022-01-24T06:06:09.735006+00:00] skeleton-logger.INFO: Route added: GET / [] []
[2022-01-24T06:06:09.735231+00:00] skeleton-logger.INFO: Route added: GET /addcountry [] []
[2022-01-24T06:06:09.735396+00:00] skeleton-logger.INFO: Route added: POST /addcountry [] []
[2022-01-24T06:06:09.735569+00:00] skeleton-logger.INFO: Route added: GET /login [] []
[2022-01-24T06:06:09.735731+00:00] skeleton-logger.INFO: Route added: GET /logout [] []
[2022-01-24T06:06:09.735896+00:00] skeleton-logger.INFO: Route added: GET /product [] []
[2022-01-24T06:06:09.736056+00:00] skeleton-logger.INFO: Route added: POST /product [] []
[2022-01-24T06:06:10.011261+00:00] skeleton-logger.INFO: 404 callback set. [] []
[2022-01-24T06:06:10.035826+00:00] skeleton-logger.INFO: Route added: GET / [] []
[2022-01-24T06:06:10.036007+00:00] skeleton-logger.INFO: Route added: GET /addcountry [] []
[2022-01-24T06:06:10.036188+00:00] skeleton-logger.INFO: Route added: POST /addcountry [] []
[2022-01-24T06:06:10.036443+00:00] skeleton-logger.INFO: Route added: GET /login [] []
[2022-01-24T06:06:10.036620+00:00] skeleton-logger.INFO: Route added: GET /logout [] []
[2022-01-24T06:06:10.036809+00:00] skeleton-logger.INFO: Route added: GET /product [] []
[2022-01-24T06:06:10.036990+00:00] skeleton-logger.INFO: Route added: POST /product [] []
[2022-01-24T06:06:10.100546+00:00] skeleton-logger.INFO: Route match found: GET /login. Callback executed. [] []
[2022-01-24T06:06:15.310753+00:00] skeleton-logger.INFO: 404 callback set. [] []
[2022-01-24T06:06:15.339033+00:00] skeleton-logger.INFO: Route added: GET / [] []
[2022-01-24T06:06:15.339331+00:00] skeleton-logger.INFO: Route added: GET /addcountry [] []
[2022-01-24T06:06:15.339577+00:00] skeleton-logger.INFO: Route added: POST /addcountry [] []
[2022-01-24T06:06:15.339790+00:00] skeleton-logger.INFO: Route added: GET /login [] []
[2022-01-24T06:06:15.339959+00:00] skeleton-logger.INFO: Route added: GET /logout [] []
[2022-01-24T06:06:15.340120+00:00] skeleton-logger.INFO: Route added: GET /product [] []
[2022-01-24T06:06:15.340276+00:00] skeleton-logger.INFO: Route added: POST /product [] []
[2022-01-24T06:06:15.463225+00:00] skeleton-logger.INFO: Route match found: GET /addcountry. Callback executed. [] []
[2022-01-24T06:06:23.371363+00:00] skeleton-logger.INFO: 404 callback set. [] []
[2022-01-24T06:06:23.419676+00:00] skeleton-logger.INFO: Route added: GET / [] []
[2022-01-24T06:06:23.419912+00:00] skeleton-logger.INFO: Route added: GET /addcountry [] []
[2022-01-24T06:06:23.420079+00:00] skeleton-logger.INFO: Route added: POST /addcountry [] []
[2022-01-24T06:06:23.420290+00:00] skeleton-logger.INFO: Route added: GET /login [] []
[2022-01-24T06:06:23.420478+00:00] skeleton-logger.INFO: Route added: GET /logout [] []
[2022-01-24T06:06:23.420664+00:00] skeleton-logger.INFO: Route added: GET /product [] []
[2022-01-24T06:06:23.420852+00:00] skeleton-logger.INFO: Route added: POST /product [] []
[2022-01-24T06:06:23.534541+00:00] skeleton-logger.INFO: Route match found: POST /addcountry. Callback executed. [] []
